[I 2025-09-22 01:23:34,289] A new study created in memory with name: no-name-145f1b73-918f-401f-b4cd-3a3f20a7e1e4
[I 2025-09-22 01:23:38,003] Trial 0 finished with value: 0.4775947087963958 and parameters: {'max_depth': 5, 'min_child_weight': 16.96305507021428, 'learning_rate': 0.03323419141759795, 'n_estimators': 1145, 'subsample': 0.8447751159894764, 'colsample_bytree': 0.6627643399926814, 'reg_lambda': 3.795065807038741, 'reg_alpha': 0.5648169668715879}. Best is trial 0 with value: 0.4775947087963958.
[I 2025-09-22 01:23:42,228] Trial 1 finished with value: 0.3438192918750348 and parameters: {'max_depth': 10, 'min_child_weight': 19.07955713937784, 'learning_rate': 0.02762586524986891, 'n_estimators': 1078, 'subsample': 0.8800352970977494, 'colsample_bytree': 0.9119063278299825, 'reg_lambda': 2.529845104486438, 'reg_alpha': 0.42549527390318054}. Best is trial 0 with value: 0.4775947087963958.
[I 2025-09-22 01:23:45,193] Trial 2 finished with value: 0.09248202307280246 and parameters: {'max_depth': 5, 'min_child_weight': 17.92937321829135, 'learning_rate': 0.17094609767809388, 'n_estimators': 1082, 'subsample': 0.5764912997345808, 'colsample_bytree': 0.7813332883995205, 'reg_lambda': 4.640720347349551, 'reg_alpha': 1.2715016832325006}. Best is trial 0 with value: 0.4775947087963958.
[I 2025-09-22 01:23:48,861] Trial 3 finished with value: 0.3481608980543316 and parameters: {'max_depth': 5, 'min_child_weight': 9.163728200863796, 'learning_rate': 0.044391890599026367, 'n_estimators': 1065, 'subsample': 0.9627499941470499, 'colsample_bytree': 0.9798008125187698, 'reg_lambda': 0.7947145482122853, 'reg_alpha': 0.5148111301386782}. Best is trial 0 with value: 0.4775947087963958.
[I 2025-09-22 01:23:53,528] Trial 4 finished with value: 0.4622198017394615 and parameters: {'max_depth': 9, 'min_child_weight': 18.157260795034023, 'learning_rate': 0.024374197270445458, 'n_estimators': 1170, 'subsample': 0.9964024568361344, 'colsample_bytree': 0.9068933786530448, 'reg_lambda': 2.871521982364486, 'reg_alpha': 0.7944126427172369}. Best is trial 0 with value: 0.4775947087963958.
[I 2025-09-22 01:23:55,038] Trial 5 finished with value: 0.37271736452281545 and parameters: {'max_depth': 6, 'min_child_weight': 5.369639286281791, 'learning_rate': 0.05051256712863334, 'n_estimators': 422, 'subsample': 0.553924789870428, 'colsample_bytree': 0.5452563811003253, 'reg_lambda': 2.7776016459145088, 'reg_alpha': 1.2794715444739284}. Best is trial 0 with value: 0.4775947087963958.
[I 2025-09-22 01:23:59,310] Trial 6 finished with value: 0.23407855491175583 and parameters: {'max_depth': 9, 'min_child_weight': 16.033726606568315, 'learning_rate': 0.03624682530280079, 'n_estimators': 1126, 'subsample': 0.8675688729857962, 'colsample_bytree': 0.77049314597771, 'reg_lambda': 1.2446480382477287, 'reg_alpha': 1.642047946910755}. Best is trial 0 with value: 0.4775947087963958.
[I 2025-09-22 01:24:02,219] Trial 7 finished with value: 0.47818898193025994 and parameters: {'max_depth': 5, 'min_child_weight': 14.423416306282695, 'learning_rate': 0.03251053756244419, 'n_estimators': 910, 'subsample': 0.7557561006579849, 'colsample_bytree': 0.7675425210481743, 'reg_lambda': 2.5424060542663174, 'reg_alpha': 0.53060268416117}. Best is trial 7 with value: 0.47818898193025994.
[I 2025-09-22 01:24:04,187] Trial 8 finished with value: 0.37991511139607226 and parameters: {'max_depth': 8, 'min_child_weight': 4.369312289638108, 'learning_rate': 0.031405959275857605, 'n_estimators': 318, 'subsample': 0.7704052810286579, 'colsample_bytree': 0.7358732008493364, 'reg_lambda': 0.7304442600268463, 'reg_alpha': 1.8627267421722469}. Best is trial 7 with value: 0.47818898193025994.
[I 2025-09-22 01:24:06,767] Trial 9 finished with value: 0.3461217651692582 and parameters: {'max_depth': 5, 'min_child_weight': 6.9048708145076825, 'learning_rate': 0.11824427757381115, 'n_estimators': 387, 'subsample': 0.866072187136437, 'colsample_bytree': 0.7496870820867729, 'reg_lambda': 2.265500821986779, 'reg_alpha': 0.9388302399009099}. Best is trial 7 with value: 0.47818898193025994.
[I 2025-09-22 01:24:10,765] Trial 10 finished with value: 0.38105353848395407 and parameters: {'max_depth': 7, 'min_child_weight': 11.926019440591652, 'learning_rate': 0.010386227224349022, 'n_estimators': 827, 'subsample': 0.6753080222463459, 'colsample_bytree': 0.5458074549452765, 'reg_lambda': 1.6140728973302065, 'reg_alpha': 0.05527211117476072}. Best is trial 7 with value: 0.47818898193025994.
[I 2025-09-22 01:24:14,416] Trial 11 finished with value: 0.3752027533430281 and parameters: {'max_depth': 4, 'min_child_weight': 14.35601769607397, 'learning_rate': 0.01631290340735646, 'n_estimators': 844, 'subsample': 0.746145501047907, 'colsample_bytree': 0.6544765443022283, 'reg_lambda': 3.9864244232191246, 'reg_alpha': 0.31366331676409875}. Best is trial 7 with value: 0.47818898193025994.
[I 2025-09-22 01:24:17,082] Trial 12 finished with value: 0.47138678230749953 and parameters: {'max_depth': 4, 'min_child_weight': 13.714075049760304, 'learning_rate': 0.07095495217963524, 'n_estimators': 645, 'subsample': 0.7481430458435272, 'colsample_bytree': 0.6558348005918531, 'reg_lambda': 3.4380406942370763, 'reg_alpha': 0.6862759097677256}. Best is trial 7 with value: 0.47818898193025994.
[I 2025-09-22 01:24:22,656] Trial 13 finished with value: 0.23251663900095237 and parameters: {'max_depth': 6, 'min_child_weight': 1.6924249215676532, 'learning_rate': 0.07857705803954357, 'n_estimators': 933, 'subsample': 0.6583231099859427, 'colsample_bytree': 0.6622559838290745, 'reg_lambda': 3.7963453792479305, 'reg_alpha': 0.1040017526917767}. Best is trial 7 with value: 0.47818898193025994.
[I 2025-09-22 01:24:26,488] Trial 14 finished with value: 0.4907358414784284 and parameters: {'max_depth': 6, 'min_child_weight': 10.61900391817662, 'learning_rate': 0.0181655496433766, 'n_estimators': 685, 'subsample': 0.8169977806220345, 'colsample_bytree': 0.8522261228404077, 'reg_lambda': 4.9802482586755, 'reg_alpha': 1.1324723454695182}. Best is trial 14 with value: 0.4907358414784284.
[I 2025-09-22 01:24:30,578] Trial 15 finished with value: 0.48991128035658454 and parameters: {'max_depth': 7, 'min_child_weight': 10.339515006296043, 'learning_rate': 0.018885891549101946, 'n_estimators': 641, 'subsample': 0.8052436135835181, 'colsample_bytree': 0.8599445114948466, 'reg_lambda': 4.908629778898199, 'reg_alpha': 1.2015986082922425}. Best is trial 14 with value: 0.4907358414784284.
[I 2025-09-22 01:24:33,956] Trial 16 finished with value: 0.37873554207644844 and parameters: {'max_depth': 7, 'min_child_weight': 9.675829052681035, 'learning_rate': 0.01803019977578463, 'n_estimators': 599, 'subsample': 0.804214397198094, 'colsample_bytree': 0.8651942872496265, 'reg_lambda': 4.988254763820826, 'reg_alpha': 1.2464972527663774}. Best is trial 14 with value: 0.4907358414784284.
[I 2025-09-22 01:24:37,146] Trial 17 finished with value: 0.37896364014353623 and parameters: {'max_depth': 8, 'min_child_weight': 11.445685377272085, 'learning_rate': 0.011513539835069487, 'n_estimators': 629, 'subsample': 0.9290663688243552, 'colsample_bytree': 0.8432010458827325, 'reg_lambda': 4.4230199666828955, 'reg_alpha': 1.5256817431028524}. Best is trial 14 with value: 0.4907358414784284.
[I 2025-09-22 01:24:40,488] Trial 18 finished with value: 0.4959548192027919 and parameters: {'max_depth': 7, 'min_child_weight': 7.3699863454403785, 'learning_rate': 0.015838276158538434, 'n_estimators': 502, 'subsample': 0.6814533105165633, 'colsample_bytree': 0.9409223419176727, 'reg_lambda': 0.08648491692948035, 'reg_alpha': 1.0378959809620145}. Best is trial 18 with value: 0.4959548192027919.
[I 2025-09-22 01:24:43,597] Trial 19 finished with value: 0.38121785765231203 and parameters: {'max_depth': 6, 'min_child_weight': 7.645260489096334, 'learning_rate': 0.013868944761460562, 'n_estimators': 507, 'subsample': 0.6740136468076068, 'colsample_bytree': 0.9859447620614664, 'reg_lambda': 0.2745920392754063, 'reg_alpha': 1.0083542173048559}. Best is trial 18 with value: 0.4959548192027919.
[I 2025-09-22 01:24:50,626] Trial 20 finished with value: 0.4873321452399476 and parameters: {'max_depth': 8, 'min_child_weight': 2.39216608887852, 'learning_rate': 0.02028259819294261, 'n_estimators': 733, 'subsample': 0.6258189914668468, 'colsample_bytree': 0.9027326191617627, 'reg_lambda': 1.8069875774656183, 'reg_alpha': 1.5430554604599567}. Best is trial 18 with value: 0.4959548192027919.
[I 2025-09-22 01:24:53,914] Trial 21 finished with value: 0.49929903006625764 and parameters: {'max_depth': 7, 'min_child_weight': 8.037241173355966, 'learning_rate': 0.021015300981505804, 'n_estimators': 526, 'subsample': 0.5018885128832993, 'colsample_bytree': 0.8400810399563652, 'reg_lambda': 4.929424129829873, 'reg_alpha': 1.1883060187596906}. Best is trial 21 with value: 0.49929903006625764.
[I 2025-09-22 01:24:57,277] Trial 22 finished with value: 0.38678968082227533 and parameters: {'max_depth': 6, 'min_child_weight': 7.500415882239318, 'learning_rate': 0.013872035444924996, 'n_estimators': 538, 'subsample': 0.5330450602421242, 'colsample_bytree': 0.9473846574601176, 'reg_lambda': 4.235494357435474, 'reg_alpha': 0.9658358348477439}. Best is trial 21 with value: 0.49929903006625764.
[I 2025-09-22 01:25:01,232] Trial 23 finished with value: 0.49894998239255195 and parameters: {'max_depth': 7, 'min_child_weight': 5.129900816670383, 'learning_rate': 0.023681726215657634, 'n_estimators': 469, 'subsample': 0.5069644334312701, 'colsample_bytree': 0.8206171665255634, 'reg_lambda': 3.214169033533105, 'reg_alpha': 1.1435579603907957}. Best is trial 21 with value: 0.49929903006625764.
[I 2025-09-22 01:25:04,840] Trial 24 finished with value: 0.48843692342914424 and parameters: {'max_depth': 8, 'min_child_weight': 4.131468094263415, 'learning_rate': 0.024542872208096273, 'n_estimators': 478, 'subsample': 0.5081792696393242, 'colsample_bytree': 0.8076553504527141, 'reg_lambda': 3.485075628378202, 'reg_alpha': 1.4742730993823845}. Best is trial 21 with value: 0.49929903006625764.
[I 2025-09-22 01:25:07,023] Trial 25 finished with value: 0.38164492042648385 and parameters: {'max_depth': 7, 'min_child_weight': 6.317268655458302, 'learning_rate': 0.013889916652562836, 'n_estimators': 301, 'subsample': 0.5952758498714084, 'colsample_bytree': 0.8112786588920685, 'reg_lambda': 3.036542133848525, 'reg_alpha': 0.8503780145736473}. Best is trial 21 with value: 0.49929903006625764.
[I 2025-09-22 01:25:10,111] Trial 26 finished with value: 0.49209739365220007 and parameters: {'max_depth': 9, 'min_child_weight': 8.352874693254785, 'learning_rate': 0.022328894849182036, 'n_estimators': 548, 'subsample': 0.5015331602323002, 'colsample_bytree': 0.7079557242478203, 'reg_lambda': 2.1610933982876173, 'reg_alpha': 1.374281385203893}. Best is trial 21 with value: 0.49929903006625764.
[I 2025-09-22 01:25:12,931] Trial 27 finished with value: 0.3691709774642844 and parameters: {'max_depth': 7, 'min_child_weight': 3.3915924634026453, 'learning_rate': 0.04660502956908437, 'n_estimators': 430, 'subsample': 0.6251448140945618, 'colsample_bytree': 0.9351935347465884, 'reg_lambda': 0.22671780934226682, 'reg_alpha': 1.0370137772716808}. Best is trial 21 with value: 0.49929903006625764.
[I 2025-09-22 01:25:15,617] Trial 28 finished with value: 0.38311403148205136 and parameters: {'max_depth': 8, 'min_child_weight': 5.564596144795312, 'learning_rate': 0.012924742766638284, 'n_estimators': 360, 'subsample': 0.7080954805326053, 'colsample_bytree': 0.8264230647227573, 'reg_lambda': 3.2436389631060987, 'reg_alpha': 1.8331217012734657}. Best is trial 21 with value: 0.49929903006625764.
[I 2025-09-22 01:25:18,213] Trial 29 finished with value: 0.49276518793644725 and parameters: {'max_depth': 7, 'min_child_weight': 8.49977210614251, 'learning_rate': 0.02700347782761279, 'n_estimators': 471, 'subsample': 0.5482534478588342, 'colsample_bytree': 0.8834471337501046, 'reg_lambda': 1.4266343790631018, 'reg_alpha': 0.7689397792286566}. Best is trial 21 with value: 0.49929903006625764.
[I 2025-09-22 01:25:20,791] Trial 30 finished with value: 0.4958247787506547 and parameters: {'max_depth': 6, 'min_child_weight': 5.451184481843947, 'learning_rate': 0.015277927367654874, 'n_estimators': 735, 'subsample': 0.6004311962344652, 'colsample_bytree': 0.9451808038880409, 'reg_lambda': 1.955065185493912, 'reg_alpha': 1.1027193964914621}. Best is trial 21 with value: 0.49929903006625764.
[I 2025-09-22 01:25:23,335] Trial 31 finished with value: 0.38061465351456025 and parameters: {'max_depth': 6, 'min_child_weight': 5.598149138906958, 'learning_rate': 0.016714087220323796, 'n_estimators': 721, 'subsample': 0.5955416597393948, 'colsample_bytree': 0.956604890891657, 'reg_lambda': 0.9935288194444319, 'reg_alpha': 1.067113171497577}. Best is trial 21 with value: 0.49929903006625764.
[I 2025-09-22 01:25:25,770] Trial 32 finished with value: 0.38328480642408463 and parameters: {'max_depth': 6, 'min_child_weight': 3.1649576631725598, 'learning_rate': 0.01020645728593349, 'n_estimators': 554, 'subsample': 0.5269081643083731, 'colsample_bytree': 0.9971484948546018, 'reg_lambda': 1.9071131870634677, 'reg_alpha': 1.3940122985230374}. Best is trial 21 with value: 0.49929903006625764.
[I 2025-09-22 01:25:29,806] Trial 33 finished with value: 0.48944168940544835 and parameters: {'max_depth': 7, 'min_child_weight': 4.470039978733172, 'learning_rate': 0.02179390336420668, 'n_estimators': 782, 'subsample': 0.5759004675031429, 'colsample_bytree': 0.9285995106498347, 'reg_lambda': 4.086742336897688, 'reg_alpha': 1.1485240139543238}. Best is trial 21 with value: 0.49929903006625764.
[I 2025-09-22 01:25:33,490] Trial 34 finished with value: 0.36002040958505777 and parameters: {'max_depth': 8, 'min_child_weight': 6.42541812623703, 'learning_rate': 0.037608197109717724, 'n_estimators': 587, 'subsample': 0.6329140385494496, 'colsample_bytree': 0.700399274599564, 'reg_lambda': 0.44799195834196837, 'reg_alpha': 1.669804325204091}. Best is trial 21 with value: 0.49929903006625764.
[I 2025-09-22 01:25:36,446] Trial 35 finished with value: 0.4994511168290063 and parameters: {'max_depth': 7, 'min_child_weight': 8.387992692990165, 'learning_rate': 0.015964595402113858, 'n_estimators': 475, 'subsample': 0.5816205547482048, 'colsample_bytree': 0.8895860757661369, 'reg_lambda': 3.605846237487258, 'reg_alpha': 0.6641232034318153}. Best is trial 35 with value: 0.4994511168290063.
[I 2025-09-22 01:25:39,608] Trial 36 finished with value: 0.48867492684879305 and parameters: {'max_depth': 10, 'min_child_weight': 8.829166634625125, 'learning_rate': 0.02929501537036411, 'n_estimators': 454, 'subsample': 0.5641802232010599, 'colsample_bytree': 0.8942965597622331, 'reg_lambda': 4.5580715369658495, 'reg_alpha': 0.6035599512807533}. Best is trial 35 with value: 0.4994511168290063.
[I 2025-09-22 01:25:41,428] Trial 37 finished with value: 0.49862089011902283 and parameters: {'max_depth': 7, 'min_child_weight': 7.698720350913776, 'learning_rate': 0.02579459823210044, 'n_estimators': 394, 'subsample': 0.5008370309884036, 'colsample_bytree': 0.8078424565163743, 'reg_lambda': 3.6093202486441807, 'reg_alpha': 0.8659550007657427}. Best is trial 35 with value: 0.4994511168290063.
[I 2025-09-22 01:25:43,504] Trial 38 finished with value: 0.4884751390516545 and parameters: {'max_depth': 9, 'min_child_weight': 11.956971213397546, 'learning_rate': 0.04015485173856497, 'n_estimators': 372, 'subsample': 0.5230780620171563, 'colsample_bytree': 0.7947418368717629, 'reg_lambda': 3.54703444818465, 'reg_alpha': 0.34195795682021}. Best is trial 35 with value: 0.4994511168290063.
[I 2025-09-22 01:25:45,729] Trial 39 finished with value: 0.476950566523074 and parameters: {'max_depth': 8, 'min_child_weight': 9.825991290879374, 'learning_rate': 0.05509625226348757, 'n_estimators': 407, 'subsample': 0.5469229659234239, 'colsample_bytree': 0.8274123928211125, 'reg_lambda': 2.7190915131108757, 'reg_alpha': 0.6913531748800835}. Best is trial 35 with value: 0.4994511168290063.
Best score 0.4994511168290063
Best params {'max_depth': 7, 'min_child_weight': 8.387992692990165, 'learning_rate': 0.015964595402113858, 'n_estimators': 475, 'subsample': 0.5816205547482048, 'colsample_bytree': 0.8895860757661369, 'reg_lambda': 3.605846237487258, 'reg_alpha': 0.6641232034318153}
